<?xml version="1.0" encoding="utf-8"?>
<coverage line-rate="0.50" lines-covered="5" lines-valid="10" version="selftest">
  <packages>
    <package name="Ivr.CiFixture">
      <classes>
        <class name="CoverageBelowThreshold" filename="CoverageBelowThreshold.cs">
          <lines>
            <line number="1" hits="1" />
            <line number="2" hits="1" />
            <line number="3" hits="1" />
            <line number="4" hits="1" />
            <line number="5" hits="1" />
            <line number="6" hits="0" />
            <line number="7" hits="0" />
            <line number="8" hits="0" />
            <line number="9" hits="0" />
            <line number="10" hits="0" />
          </lines>
        </class>
      </classes>
    </package>
  </packages>
</coverage>
